{"/Users/m.kanbe/Tutorial/poker-app/poker/usecase/src/PokerUsecase.ts": {"path":"/Users/m.kanbe/Tutorial/poker-app/poker/usecase/src/PokerUsecase.ts","statementMap":{"0":{"start":{"line":15,"column":26},"end":{"line":15,"column":28}},"1":{"start":{"line":16,"column":53},"end":{"line":16,"column":55}},"2":{"start":{"line":17,"column":49},"end":{"line":17,"column":51}},"3":{"start":{"line":18,"column":4},"end":{"line":32,"column":7}},"4":{"start":{"line":20,"column":32},"end":{"line":20,"column":50}},"5":{"start":{"line":21,"column":6},"end":{"line":31,"column":7}},"6":{"start":{"line":23,"column":8},"end":{"line":25,"column":10}},"7":{"start":{"line":28,"column":25},"end":{"line":28,"column":41}},"8":{"start":{"line":29,"column":8},"end":{"line":29,"column":29}},"9":{"start":{"line":30,"column":8},"end":{"line":30,"column":68}},"10":{"start":{"line":35,"column":26},"end":{"line":35,"column":66}},"11":{"start":{"line":37,"column":38},"end":{"line":37,"column":40}},"12":{"start":{"line":38,"column":4},"end":{"line":44,"column":7}},"13":{"start":{"line":39,"column":6},"end":{"line":43,"column":7}},"14":{"start":{"line":40,"column":8},"end":{"line":40,"column":69}},"15":{"start":{"line":42,"column":8},"end":{"line":42,"column":70}},"16":{"start":{"line":45,"column":4},"end":{"line":45,"column":60}}},"fnMap":{"0":{"name":"(anonymous_0)","decl":{"start":{"line":14,"column":2},"end":{"line":14,"column":3}},"loc":{"start":{"line":14,"column":22},"end":{"line":46,"column":3}},"line":14},"1":{"name":"(anonymous_1)","decl":{"start":{"line":18,"column":14},"end":{"line":18,"column":15}},"loc":{"start":{"line":18,"column":24},"end":{"line":32,"column":5}},"line":18},"2":{"name":"(anonymous_2)","decl":{"start":{"line":38,"column":25},"end":{"line":38,"column":26}},"loc":{"start":{"line":38,"column":35},"end":{"line":44,"column":5}},"line":38}},"branchMap":{"0":{"loc":{"start":{"line":21,"column":6},"end":{"line":31,"column":7}},"type":"if","locations":[{"start":{"line":21,"column":6},"end":{"line":31,"column":7}},{"start":{"line":26,"column":13},"end":{"line":31,"column":7}}],"line":21},"1":{"loc":{"start":{"line":39,"column":6},"end":{"line":43,"column":7}},"type":"if","locations":[{"start":{"line":39,"column":6},"end":{"line":43,"column":7}},{"start":{"line":41,"column":13},"end":{"line":43,"column":7}}],"line":39}},"s":{"0":2,"1":2,"2":2,"3":2,"4":3,"5":3,"6":2,"7":1,"8":1,"9":1,"10":2,"11":2,"12":2,"13":1,"14":1,"15":0,"16":2},"f":{"0":2,"1":3,"2":1},"b":{"0":[2,1],"1":[1,0]},"_coverageSchema":"1a1c01bbd47fc00a2c39e90264f33305004495a9","hash":"3969e8138666c1910909aa2e8d67b7c426b34d24"}
}
