{"/Users/m.kanbe/Tutorial/poker-app/poker/domain/poker/const/Log.ts": {"path":"/Users/m.kanbe/Tutorial/poker-app/poker/domain/poker/const/Log.ts","statementMap":{"0":{"start":{"line":3,"column":32},"end":{"line":3,"column":44}},"1":{"start":{"line":4,"column":39},"end":{"line":4,"column":55}},"2":{"start":{"line":5,"column":37},"end":{"line":5,"column":53}},"3":{"start":{"line":6,"column":36},"end":{"line":6,"column":49}},"4":{"start":{"line":7,"column":35},"end":{"line":7,"column":51}}},"fnMap":{},"branchMap":{},"s":{"0":3,"1":3,"2":3,"3":3,"4":3},"f":{},"b":{},"_coverageSchema":"1a1c01bbd47fc00a2c39e90264f33305004495a9","hash":"18885f6c02f456a9371c5d844ef75f1c2ca568bc"}
,"/Users/m.kanbe/Tutorial/poker-app/poker/domain/poker/src/entity/Hand.ts": {"path":"/Users/m.kanbe/Tutorial/poker-app/poker/domain/poker/src/entity/Hand.ts","statementMap":{"0":{"start":{"line":9,"column":4},"end":{"line":9,"column":56}},"1":{"start":{"line":9,"column":35},"end":{"line":9,"column":45}},"2":{"start":{"line":13,"column":31},"end":{"line":13,"column":33}},"3":{"start":{"line":15,"column":4},"end":{"line":20,"column":7}},"4":{"start":{"line":16,"column":6},"end":{"line":19,"column":7}},"5":{"start":{"line":18,"column":8},"end":{"line":18,"column":42}},"6":{"start":{"line":22,"column":22},"end":{"line":22,"column":62}},"7":{"start":{"line":22,"column":51},"end":{"line":22,"column":60}},"8":{"start":{"line":23,"column":4},"end":{"line":25,"column":5}},"9":{"start":{"line":24,"column":6},"end":{"line":24,"column":46}},"10":{"start":{"line":27,"column":4},"end":{"line":27,"column":20}},"11":{"start":{"line":33,"column":6},"end":{"line":38,"column":15}},"12":{"start":{"line":35,"column":10},"end":{"line":35,"column":79}},"13":{"start":{"line":41,"column":30},"end":{"line":50,"column":5}},"14":{"start":{"line":42,"column":28},"end":{"line":42,"column":30}},"15":{"start":{"line":43,"column":6},"end":{"line":48,"column":9}},"16":{"start":{"line":44,"column":30},"end":{"line":44,"column":69}},"17":{"start":{"line":45,"column":8},"end":{"line":47,"column":9}},"18":{"start":{"line":46,"column":10},"end":{"line":46,"column":42}},"19":{"start":{"line":49,"column":6},"end":{"line":49,"column":29}},"20":{"start":{"line":53,"column":23},"end":{"line":65,"column":5}},"21":{"start":{"line":54,"column":6},"end":{"line":63,"column":7}},"22":{"start":{"line":54,"column":19},"end":{"line":54,"column":20}},"23":{"start":{"line":55,"column":8},"end":{"line":62,"column":9}},"24":{"start":{"line":58,"column":14},"end":{"line":58,"column":73}},"25":{"start":{"line":61,"column":10},"end":{"line":61,"column":23}},"26":{"start":{"line":64,"column":6},"end":{"line":64,"column":18}},"27":{"start":{"line":68,"column":26},"end":{"line":116,"column":5}},"28":{"start":{"line":69,"column":24},"end":{"line":69,"column":44}},"29":{"start":{"line":71,"column":6},"end":{"line":74,"column":9}},"30":{"start":{"line":72,"column":30},"end":{"line":72,"column":69}},"31":{"start":{"line":73,"column":8},"end":{"line":73,"column":38}},"32":{"start":{"line":75,"column":6},"end":{"line":79,"column":7}},"33":{"start":{"line":75,"column":19},"end":{"line":75,"column":20}},"34":{"start":{"line":76,"column":8},"end":{"line":78,"column":9}},"35":{"start":{"line":76,"column":37},"end":{"line":76,"column":51}},"36":{"start":{"line":77,"column":10},"end":{"line":77,"column":30}},"37":{"start":{"line":81,"column":6},"end":{"line":115,"column":7}},"38":{"start":{"line":82,"column":8},"end":{"line":82,"column":23}},"39":{"start":{"line":85,"column":8},"end":{"line":114,"column":9}},"40":{"start":{"line":87,"column":25},"end":{"line":93,"column":22}},"41":{"start":{"line":94,"column":12},"end":{"line":94,"column":24}},"42":{"start":{"line":96,"column":12},"end":{"line":103,"column":13}},"43":{"start":{"line":97,"column":14},"end":{"line":97,"column":29}},"44":{"start":{"line":99,"column":14},"end":{"line":101,"column":15}},"45":{"start":{"line":99,"column":42},"end":{"line":99,"column":49}},"46":{"start":{"line":100,"column":16},"end":{"line":100,"column":30}},"47":{"start":{"line":102,"column":14},"end":{"line":102,"column":28}},"48":{"start":{"line":105,"column":12},"end":{"line":109,"column":13}},"49":{"start":{"line":106,"column":14},"end":{"line":106,"column":29}},"50":{"start":{"line":108,"column":14},"end":{"line":108,"column":30}},"51":{"start":{"line":111,"column":12},"end":{"line":111,"column":28}},"52":{"start":{"line":113,"column":12},"end":{"line":113,"column":26}},"53":{"start":{"line":118,"column":24},"end":{"line":128,"column":5}},"54":{"start":{"line":119,"column":23},"end":{"line":119,"column":43}},"55":{"start":{"line":120,"column":6},"end":{"line":123,"column":9}},"56":{"start":{"line":121,"column":30},"end":{"line":121,"column":69}},"57":{"start":{"line":122,"column":8},"end":{"line":122,"column":37}},"58":{"start":{"line":124,"column":6},"end":{"line":126,"column":7}},"59":{"start":{"line":124,"column":31},"end":{"line":124,"column":71}},"60":{"start":{"line":124,"column":63},"end":{"line":124,"column":70}},"61":{"start":{"line":125,"column":8},"end":{"line":125,"column":20}},"62":{"start":{"line":127,"column":6},"end":{"line":127,"column":19}},"63":{"start":{"line":131,"column":25},"end":{"line":131,"column":40}},"64":{"start":{"line":132,"column":4},"end":{"line":132,"column":26}}},"fnMap":{"0":{"name":"(anonymous_0)","decl":{"start":{"line":6,"column":2},"end":{"line":6,"column":3}},"loc":{"start":{"line":6,"column":36},"end":{"line":6,"column":38}},"line":6},"1":{"name":"(anonymous_1)","decl":{"start":{"line":8,"column":2},"end":{"line":8,"column":3}},"loc":{"start":{"line":8,"column":8},"end":{"line":10,"column":3}},"line":8},"2":{"name":"(anonymous_2)","decl":{"start":{"line":9,"column":25},"end":{"line":9,"column":26}},"loc":{"start":{"line":9,"column":35},"end":{"line":9,"column":45}},"line":9},"3":{"name":"(anonymous_3)","decl":{"start":{"line":12,"column":2},"end":{"line":12,"column":3}},"loc":{"start":{"line":12,"column":26},"end":{"line":28,"column":3}},"line":12},"4":{"name":"(anonymous_4)","decl":{"start":{"line":15,"column":18},"end":{"line":15,"column":19}},"loc":{"start":{"line":15,"column":31},"end":{"line":20,"column":5}},"line":15},"5":{"name":"(anonymous_5)","decl":{"start":{"line":22,"column":44},"end":{"line":22,"column":45}},"loc":{"start":{"line":22,"column":51},"end":{"line":22,"column":60}},"line":22},"6":{"name":"(anonymous_6)","decl":{"start":{"line":30,"column":2},"end":{"line":30,"column":3}},"loc":{"start":{"line":30,"column":20},"end":{"line":133,"column":3}},"line":30},"7":{"name":"(anonymous_7)","decl":{"start":{"line":34,"column":8},"end":{"line":34,"column":9}},"loc":{"start":{"line":35,"column":10},"end":{"line":35,"column":79}},"line":35},"8":{"name":"(anonymous_8)","decl":{"start":{"line":41,"column":30},"end":{"line":41,"column":31}},"loc":{"start":{"line":41,"column":36},"end":{"line":50,"column":5}},"line":41},"9":{"name":"(anonymous_9)","decl":{"start":{"line":43,"column":20},"end":{"line":43,"column":21}},"loc":{"start":{"line":43,"column":30},"end":{"line":48,"column":7}},"line":43},"10":{"name":"(anonymous_10)","decl":{"start":{"line":53,"column":23},"end":{"line":53,"column":24}},"loc":{"start":{"line":53,"column":29},"end":{"line":65,"column":5}},"line":53},"11":{"name":"(anonymous_11)","decl":{"start":{"line":57,"column":12},"end":{"line":57,"column":13}},"loc":{"start":{"line":58,"column":14},"end":{"line":58,"column":73}},"line":58},"12":{"name":"(anonymous_12)","decl":{"start":{"line":68,"column":26},"end":{"line":68,"column":27}},"loc":{"start":{"line":68,"column":40},"end":{"line":116,"column":5}},"line":68},"13":{"name":"(anonymous_13)","decl":{"start":{"line":71,"column":20},"end":{"line":71,"column":21}},"loc":{"start":{"line":71,"column":33},"end":{"line":74,"column":7}},"line":71},"14":{"name":"(anonymous_14)","decl":{"start":{"line":76,"column":27},"end":{"line":76,"column":28}},"loc":{"start":{"line":76,"column":37},"end":{"line":76,"column":51}},"line":76},"15":{"name":"(anonymous_15)","decl":{"start":{"line":99,"column":35},"end":{"line":99,"column":36}},"loc":{"start":{"line":99,"column":42},"end":{"line":99,"column":49}},"line":99},"16":{"name":"(anonymous_16)","decl":{"start":{"line":118,"column":24},"end":{"line":118,"column":25}},"loc":{"start":{"line":118,"column":30},"end":{"line":128,"column":5}},"line":118},"17":{"name":"(anonymous_17)","decl":{"start":{"line":120,"column":20},"end":{"line":120,"column":21}},"loc":{"start":{"line":120,"column":33},"end":{"line":123,"column":7}},"line":120},"18":{"name":"(anonymous_18)","decl":{"start":{"line":124,"column":24},"end":{"line":124,"column":25}},"loc":{"start":{"line":124,"column":31},"end":{"line":124,"column":71}},"line":124},"19":{"name":"(anonymous_19)","decl":{"start":{"line":124,"column":56},"end":{"line":124,"column":57}},"loc":{"start":{"line":124,"column":63},"end":{"line":124,"column":70}},"line":124}},"branchMap":{"0":{"loc":{"start":{"line":16,"column":6},"end":{"line":19,"column":7}},"type":"if","locations":[{"start":{"line":16,"column":6},"end":{"line":19,"column":7}},{"start":{},"end":{}}],"line":16},"1":{"loc":{"start":{"line":23,"column":4},"end":{"line":25,"column":5}},"type":"if","locations":[{"start":{"line":23,"column":4},"end":{"line":25,"column":5}},{"start":{},"end":{}}],"line":23},"2":{"loc":{"start":{"line":33,"column":6},"end":{"line":38,"column":15}},"type":"cond-expr","locations":[{"start":{"line":37,"column":10},"end":{"line":37,"column":14}},{"start":{"line":38,"column":10},"end":{"line":38,"column":15}}],"line":33},"3":{"loc":{"start":{"line":45,"column":8},"end":{"line":47,"column":9}},"type":"if","locations":[{"start":{"line":45,"column":8},"end":{"line":47,"column":9}},{"start":{},"end":{}}],"line":45},"4":{"loc":{"start":{"line":55,"column":8},"end":{"line":62,"column":9}},"type":"if","locations":[{"start":{"line":55,"column":8},"end":{"line":62,"column":9}},{"start":{},"end":{}}],"line":55},"5":{"loc":{"start":{"line":76,"column":8},"end":{"line":78,"column":9}},"type":"if","locations":[{"start":{"line":76,"column":8},"end":{"line":78,"column":9}},{"start":{},"end":{}}],"line":76},"6":{"loc":{"start":{"line":81,"column":6},"end":{"line":115,"column":7}},"type":"if","locations":[{"start":{"line":81,"column":6},"end":{"line":115,"column":7}},{"start":{"line":83,"column":13},"end":{"line":115,"column":7}}],"line":81},"7":{"loc":{"start":{"line":85,"column":8},"end":{"line":114,"column":9}},"type":"switch","locations":[{"start":{"line":86,"column":10},"end":{"line":94,"column":24}},{"start":{"line":95,"column":10},"end":{"line":103,"column":13}},{"start":{"line":104,"column":10},"end":{"line":109,"column":13}},{"start":{"line":110,"column":10},"end":{"line":111,"column":28}},{"start":{"line":112,"column":10},"end":{"line":113,"column":26}}],"line":85},"8":{"loc":{"start":{"line":87,"column":25},"end":{"line":93,"column":22}},"type":"cond-expr","locations":[{"start":{"line":88,"column":16},"end":{"line":90,"column":25}},{"start":{"line":91,"column":16},"end":{"line":93,"column":22}}],"line":87},"9":{"loc":{"start":{"line":88,"column":16},"end":{"line":90,"column":25}},"type":"cond-expr","locations":[{"start":{"line":89,"column":18},"end":{"line":89,"column":30}},{"start":{"line":90,"column":18},"end":{"line":90,"column":25}}],"line":88},"10":{"loc":{"start":{"line":91,"column":16},"end":{"line":93,"column":22}},"type":"cond-expr","locations":[{"start":{"line":92,"column":16},"end":{"line":92,"column":23}},{"start":{"line":93,"column":16},"end":{"line":93,"column":22}}],"line":91},"11":{"loc":{"start":{"line":96,"column":12},"end":{"line":103,"column":13}},"type":"if","locations":[{"start":{"line":96,"column":12},"end":{"line":103,"column":13}},{"start":{"line":98,"column":19},"end":{"line":103,"column":13}}],"line":96},"12":{"loc":{"start":{"line":99,"column":14},"end":{"line":101,"column":15}},"type":"if","locations":[{"start":{"line":99,"column":14},"end":{"line":101,"column":15}},{"start":{},"end":{}}],"line":99},"13":{"loc":{"start":{"line":105,"column":12},"end":{"line":109,"column":13}},"type":"if","locations":[{"start":{"line":105,"column":12},"end":{"line":109,"column":13}},{"start":{"line":107,"column":19},"end":{"line":109,"column":13}}],"line":105},"14":{"loc":{"start":{"line":124,"column":6},"end":{"line":126,"column":7}},"type":"if","locations":[{"start":{"line":124,"column":6},"end":{"line":126,"column":7}},{"start":{},"end":{}}],"line":124},"15":{"loc":{"start":{"line":124,"column":31},"end":{"line":124,"column":71}},"type":"binary-expr","locations":[{"start":{"line":124,"column":31},"end":{"line":124,"column":38}},{"start":{"line":124,"column":42},"end":{"line":124,"column":71}}],"line":124}},"s":{"0":0,"1":0,"2":13,"3":13,"4":65,"5":13,"6":13,"7":65,"8":13,"9":1,"10":13,"11":0,"12":0,"13":0,"14":0,"15":0,"16":0,"17":0,"18":0,"19":0,"20":0,"21":0,"22":0,"23":0,"24":0,"25":0,"26":0,"27":0,"28":0,"29":0,"30":0,"31":0,"32":0,"33":0,"34":0,"35":0,"36":0,"37":0,"38":0,"39":0,"40":0,"41":0,"42":0,"43":0,"44":0,"45":0,"46":0,"47":0,"48":0,"49":0,"50":0,"51":0,"52":0,"53":0,"54":0,"55":0,"56":0,"57":0,"58":0,"59":0,"60":0,"61":0,"62":0,"63":0,"64":0},"f":{"0":13,"1":0,"2":0,"3":13,"4":65,"5":65,"6":0,"7":0,"8":0,"9":0,"10":0,"11":0,"12":0,"13":0,"14":0,"15":0,"16":0,"17":0,"18":0,"19":0},"b":{"0":[13,52],"1":[1,12],"2":[0,0],"3":[0,0],"4":[0,0],"5":[0,0],"6":[0,0],"7":[0,0,0,0,0],"8":[0,0],"9":[0,0],"10":[0,0],"11":[0,0],"12":[0,0],"13":[0,0],"14":[0,0],"15":[0,0]},"_coverageSchema":"1a1c01bbd47fc00a2c39e90264f33305004495a9","hash":"60e2d27f4973910e83ba900ef6757f8ddee356cf"}
,"/Users/m.kanbe/Tutorial/poker-app/poker/domain/poker/src/value_object/Card.ts": {"path":"/Users/m.kanbe/Tutorial/poker-app/poker/domain/poker/src/value_object/Card.ts","statementMap":{"0":{"start":{"line":3,"column":12},"end":{"line":17,"column":1}},"1":{"start":{"line":18,"column":12},"end":{"line":18,"column":32}},"2":{"start":{"line":22,"column":4},"end":{"line":22,"column":40}},"3":{"start":{"line":26,"column":4},"end":{"line":26,"column":23}},"4":{"start":{"line":30,"column":4},"end":{"line":49,"column":5}},"5":{"start":{"line":31,"column":25},"end":{"line":34,"column":17}},"6":{"start":{"line":33,"column":23},"end":{"line":33,"column":38}},"7":{"start":{"line":35,"column":23},"end":{"line":38,"column":17}},"8":{"start":{"line":37,"column":23},"end":{"line":37,"column":38}},"9":{"start":{"line":40,"column":6},"end":{"line":42,"column":7}},"10":{"start":{"line":41,"column":8},"end":{"line":41,"column":43}},"11":{"start":{"line":44,"column":6},"end":{"line":46,"column":7}},"12":{"start":{"line":45,"column":8},"end":{"line":45,"column":41}},"13":{"start":{"line":48,"column":6},"end":{"line":48,"column":25}},"14":{"start":{"line":54,"column":4},"end":{"line":73,"column":5}},"15":{"start":{"line":58,"column":29},"end":{"line":58,"column":48}},"16":{"start":{"line":63,"column":6},"end":{"line":72,"column":7}},"17":{"start":{"line":67,"column":31},"end":{"line":67,"column":50}},"18":{"start":{"line":71,"column":8},"end":{"line":71,"column":20}},"19":{"start":{"line":74,"column":4},"end":{"line":74,"column":17}}},"fnMap":{"0":{"name":"(anonymous_0)","decl":{"start":{"line":21,"column":2},"end":{"line":21,"column":3}},"loc":{"start":{"line":21,"column":49},"end":{"line":23,"column":3}},"line":21},"1":{"name":"(anonymous_1)","decl":{"start":{"line":25,"column":2},"end":{"line":25,"column":3}},"loc":{"start":{"line":25,"column":18},"end":{"line":27,"column":3}},"line":25},"2":{"name":"(anonymous_2)","decl":{"start":{"line":29,"column":2},"end":{"line":29,"column":3}},"loc":{"start":{"line":29,"column":16},"end":{"line":50,"column":3}},"line":29},"3":{"name":"(anonymous_3)","decl":{"start":{"line":33,"column":16},"end":{"line":33,"column":17}},"loc":{"start":{"line":33,"column":23},"end":{"line":33,"column":38}},"line":33},"4":{"name":"(anonymous_4)","decl":{"start":{"line":37,"column":16},"end":{"line":37,"column":17}},"loc":{"start":{"line":37,"column":23},"end":{"line":37,"column":38}},"line":37},"5":{"name":"(anonymous_5)","decl":{"start":{"line":52,"column":2},"end":{"line":52,"column":3}},"loc":{"start":{"line":52,"column":19},"end":{"line":75,"column":3}},"line":52},"6":{"name":"(anonymous_6)","decl":{"start":{"line":58,"column":18},"end":{"line":58,"column":19}},"loc":{"start":{"line":58,"column":29},"end":{"line":58,"column":48}},"line":58},"7":{"name":"(anonymous_7)","decl":{"start":{"line":67,"column":20},"end":{"line":67,"column":21}},"loc":{"start":{"line":67,"column":31},"end":{"line":67,"column":50}},"line":67}},"branchMap":{"0":{"loc":{"start":{"line":30,"column":4},"end":{"line":49,"column":5}},"type":"if","locations":[{"start":{"line":30,"column":4},"end":{"line":49,"column":5}},{"start":{"line":47,"column":11},"end":{"line":49,"column":5}}],"line":30},"1":{"loc":{"start":{"line":40,"column":6},"end":{"line":42,"column":7}},"type":"if","locations":[{"start":{"line":40,"column":6},"end":{"line":42,"column":7}},{"start":{},"end":{}}],"line":40},"2":{"loc":{"start":{"line":44,"column":6},"end":{"line":46,"column":7}},"type":"if","locations":[{"start":{"line":44,"column":6},"end":{"line":46,"column":7}},{"start":{},"end":{}}],"line":44},"3":{"loc":{"start":{"line":54,"column":4},"end":{"line":73,"column":5}},"type":"if","locations":[{"start":{"line":54,"column":4},"end":{"line":73,"column":5}},{"start":{},"end":{}}],"line":54},"4":{"loc":{"start":{"line":63,"column":6},"end":{"line":72,"column":7}},"type":"if","locations":[{"start":{"line":63,"column":6},"end":{"line":72,"column":7}},{"start":{},"end":{}}],"line":63}},"s":{"0":2,"1":2,"2":117,"3":65,"4":65,"5":13,"6":29,"7":13,"8":29,"9":13,"10":8,"11":5,"12":5,"13":52,"14":130,"15":284,"16":114,"17":246,"18":104,"19":26},"f":{"0":117,"1":65,"2":65,"3":29,"4":29,"5":130,"6":284,"7":246},"b":{"0":[13,52],"1":[8,5],"2":[5,0],"3":[114,16],"4":[104,10]},"_coverageSchema":"1a1c01bbd47fc00a2c39e90264f33305004495a9","hash":"e203f8d665f168ea6ae14683cadab777b7fb0107"}
,"/Users/m.kanbe/Tutorial/poker-app/poker/domain/poker/src/value_object/Role.ts": {"path":"/Users/m.kanbe/Tutorial/poker-app/poker/domain/poker/src/value_object/Role.ts","statementMap":{"0":{"start":{"line":5,"column":4},"end":{"line":5,"column":40}},"1":{"start":{"line":9,"column":4},"end":{"line":11,"column":5}},"2":{"start":{"line":10,"column":6},"end":{"line":10,"column":34}},"3":{"start":{"line":12,"column":4},"end":{"line":12,"column":23}},"4":{"start":{"line":16,"column":17},"end":{"line":26,"column":5}},"5":{"start":{"line":28,"column":4},"end":{"line":32,"column":5}},"6":{"start":{"line":29,"column":6},"end":{"line":29,"column":18}},"7":{"start":{"line":31,"column":6},"end":{"line":31,"column":19}}},"fnMap":{"0":{"name":"(anonymous_0)","decl":{"start":{"line":4,"column":2},"end":{"line":4,"column":3}},"loc":{"start":{"line":4,"column":49},"end":{"line":6,"column":3}},"line":4},"1":{"name":"(anonymous_1)","decl":{"start":{"line":8,"column":2},"end":{"line":8,"column":3}},"loc":{"start":{"line":8,"column":16},"end":{"line":13,"column":3}},"line":8},"2":{"name":"(anonymous_2)","decl":{"start":{"line":15,"column":2},"end":{"line":15,"column":3}},"loc":{"start":{"line":15,"column":19},"end":{"line":33,"column":3}},"line":15}},"branchMap":{"0":{"loc":{"start":{"line":9,"column":4},"end":{"line":11,"column":5}},"type":"if","locations":[{"start":{"line":9,"column":4},"end":{"line":11,"column":5}},{"start":{},"end":{}}],"line":9},"1":{"loc":{"start":{"line":28,"column":4},"end":{"line":32,"column":5}},"type":"if","locations":[{"start":{"line":28,"column":4},"end":{"line":32,"column":5}},{"start":{"line":30,"column":11},"end":{"line":32,"column":5}}],"line":28}},"s":{"0":9,"1":9,"2":0,"3":9,"4":9,"5":9,"6":9,"7":0},"f":{"0":9,"1":9,"2":9},"b":{"0":[0,9],"1":[9,0]},"_coverageSchema":"1a1c01bbd47fc00a2c39e90264f33305004495a9","hash":"36a53917a9151dfb7072297c99048ac729b89e6e"}
}
