TN:
SF:const/Log.ts
FNF:0
FNH:0
DA:3,3
DA:4,3
DA:5,3
DA:6,3
DA:7,3
LF:5
LH:5
BRF:0
BRH:0
end_of_record
TN:
SF:src/entity/Hand.ts
FN:6,(anonymous_0)
FN:8,(anonymous_1)
FN:9,(anonymous_2)
FN:12,(anonymous_3)
FN:15,(anonymous_4)
FN:22,(anonymous_5)
FN:30,(anonymous_6)
FN:34,(anonymous_7)
FN:41,(anonymous_8)
FN:43,(anonymous_9)
FN:53,(anonymous_10)
FN:57,(anonymous_11)
FN:68,(anonymous_12)
FN:71,(anonymous_13)
FN:76,(anonymous_14)
FN:99,(anonymous_15)
FN:118,(anonymous_16)
FN:120,(anonymous_17)
FN:124,(anonymous_18)
FN:124,(anonymous_19)
FNF:20
FNH:4
FNDA:13,(anonymous_0)
FNDA:0,(anonymous_1)
FNDA:0,(anonymous_2)
FNDA:13,(anonymous_3)
FNDA:65,(anonymous_4)
FNDA:65,(anonymous_5)
FNDA:0,(anonymous_6)
FNDA:0,(anonymous_7)
FNDA:0,(anonymous_8)
FNDA:0,(anonymous_9)
FNDA:0,(anonymous_10)
FNDA:0,(anonymous_11)
FNDA:0,(anonymous_12)
FNDA:0,(anonymous_13)
FNDA:0,(anonymous_14)
FNDA:0,(anonymous_15)
FNDA:0,(anonymous_16)
FNDA:0,(anonymous_17)
FNDA:0,(anonymous_18)
FNDA:0,(anonymous_19)
DA:9,0
DA:13,13
DA:15,13
DA:16,65
DA:18,13
DA:22,65
DA:23,13
DA:24,1
DA:27,13
DA:33,0
DA:35,0
DA:41,0
DA:42,0
DA:43,0
DA:44,0
DA:45,0
DA:46,0
DA:49,0
DA:53,0
DA:54,0
DA:55,0
DA:58,0
DA:61,0
DA:64,0
DA:68,0
DA:69,0
DA:71,0
DA:72,0
DA:73,0
DA:75,0
DA:76,0
DA:77,0
DA:81,0
DA:82,0
DA:85,0
DA:87,0
DA:94,0
DA:96,0
DA:97,0
DA:99,0
DA:100,0
DA:102,0
DA:105,0
DA:106,0
DA:108,0
DA:111,0
DA:113,0
DA:118,0
DA:119,0
DA:120,0
DA:121,0
DA:122,0
DA:124,0
DA:125,0
DA:127,0
DA:131,0
DA:132,0
LF:57
LH:8
BRDA:16,0,0,13
BRDA:16,0,1,52
BRDA:23,1,0,1
BRDA:23,1,1,12
BRDA:33,2,0,0
BRDA:33,2,1,0
BRDA:45,3,0,0
BRDA:45,3,1,0
BRDA:55,4,0,0
BRDA:55,4,1,0
BRDA:76,5,0,0
BRDA:76,5,1,0
BRDA:81,6,0,0
BRDA:81,6,1,0
BRDA:85,7,0,0
BRDA:85,7,1,0
BRDA:85,7,2,0
BRDA:85,7,3,0
BRDA:85,7,4,0
BRDA:87,8,0,0
BRDA:87,8,1,0
BRDA:88,9,0,0
BRDA:88,9,1,0
BRDA:91,10,0,0
BRDA:91,10,1,0
BRDA:96,11,0,0
BRDA:96,11,1,0
BRDA:99,12,0,0
BRDA:99,12,1,0
BRDA:105,13,0,0
BRDA:105,13,1,0
BRDA:124,14,0,0
BRDA:124,14,1,0
BRDA:124,15,0,0
BRDA:124,15,1,0
BRF:35
BRH:4
end_of_record
TN:
SF:src/value_object/Card.ts
FN:21,(anonymous_0)
FN:25,(anonymous_1)
FN:29,(anonymous_2)
FN:33,(anonymous_3)
FN:37,(anonymous_4)
FN:52,(anonymous_5)
FN:58,(anonymous_6)
FN:67,(anonymous_7)
FNF:8
FNH:8
FNDA:117,(anonymous_0)
FNDA:65,(anonymous_1)
FNDA:65,(anonymous_2)
FNDA:29,(anonymous_3)
FNDA:29,(anonymous_4)
FNDA:130,(anonymous_5)
FNDA:284,(anonymous_6)
FNDA:246,(anonymous_7)
DA:3,2
DA:18,2
DA:22,117
DA:26,65
DA:30,65
DA:31,13
DA:33,29
DA:35,13
DA:37,29
DA:40,13
DA:41,8
DA:44,5
DA:45,5
DA:48,52
DA:54,130
DA:58,284
DA:63,114
DA:67,246
DA:71,104
DA:74,26
LF:20
LH:20
BRDA:30,0,0,13
BRDA:30,0,1,52
BRDA:40,1,0,8
BRDA:40,1,1,5
BRDA:44,2,0,5
BRDA:44,2,1,0
BRDA:54,3,0,114
BRDA:54,3,1,16
BRDA:63,4,0,104
BRDA:63,4,1,10
BRF:10
BRH:9
end_of_record
TN:
SF:src/value_object/Role.ts
FN:4,(anonymous_0)
FN:8,(anonymous_1)
FN:15,(anonymous_2)
FNF:3
FNH:3
FNDA:9,(anonymous_0)
FNDA:9,(anonymous_1)
FNDA:9,(anonymous_2)
DA:5,9
DA:9,9
DA:10,0
DA:12,9
DA:16,9
DA:28,9
DA:29,9
DA:31,0
LF:8
LH:6
BRDA:9,0,0,0
BRDA:9,0,1,9
BRDA:28,1,0,9
BRDA:28,1,1,0
BRF:4
BRH:2
end_of_record
